encrypted-audio-recorder/app/build/intermediates/manifest_merge_blame_file/debug/processDebugMainManifest/manifest-merger-blame-debug-report.txt
1<?xml version="1.0" encoding="utf-8"?>
2<manifest xmlns:android="http://schemas.android.com/apk/res/android"
3    package="com.example.encryptedrecorder"
4    android:versionCode="1"
5    android:versionName="1.0" >
6
7    <uses-sdk
8        android:minSdkVersion="26"
9        android:targetSdkVersion="34" />
10
11    <!-- Permissions required for transparent audio recording with visible foreground notification -->
12    <uses-permission android:name="android.permission.RECORD_AUDIO" />
12-->src/main/AndroidManifest.xml:6:5-71
12-->src/main/AndroidManifest.xml:6:22-68
13    <uses-permission android:name="android.permission.POST_NOTIFICATIONS" />
13-->src/main/AndroidManifest.xml:7:5-77
13-->src/main/AndroidManifest.xml:7:22-74
14    <uses-permission android:name="android.permission.FOREGROUND_SERVICE" />
14-->src/main/AndroidManifest.xml:8:5-77
14-->src/main/AndroidManifest.xml:8:22-74
15    <uses-permission android:name="android.permission.FOREGROUND_SERVICE_MICROPHONE" />
15-->src/main/AndroidManifest.xml:9:5-88
15-->src/main/AndroidManifest.xml:9:22-85
16    <uses-permission android:name="android.permission.READ_CONTACTS" />
16-->src/main/AndroidManifest.xml:10:5-72
16-->src/main/AndroidManifest.xml:10:22-69
17    <uses-permission android:name="android.permission.READ_PHONE_STATE" />
17-->src/main/AndroidManifest.xml:11:5-75
17-->src/main/AndroidManifest.xml:11:22-72
18    <uses-permission android:name="android.permission.READ_CALL_LOG" />
18-->src/main/AndroidManifest.xml:12:5-72
18-->src/main/AndroidManifest.xml:12:22-69
19    <uses-permission android:name="android.permission.MANAGE_EXTERNAL_STORAGE" />
19-->src/main/AndroidManifest.xml:13:5-111
19-->src/main/AndroidManifest.xml:13:22-79
20    <uses-permission android:name="android.permission.RECEIVE_BOOT_COMPLETED" />
20-->src/main/AndroidManifest.xml:14:5-81
20-->src/main/AndroidManifest.xml:14:22-78
21    <uses-permission android:name="android.permission.REQUEST_IGNORE_BATTERY_OPTIMIZATIONS" />
21-->src/main/AndroidManifest.xml:15:5-95
21-->src/main/AndroidManifest.xml:15:22-92
22    <uses-permission android:name="android.permission.READ_EXTERNAL_STORAGE" />
22-->src/main/AndroidManifest.xml:16:5-80
22-->src/main/AndroidManifest.xml:16:22-77
23    <uses-permission android:name="android.permission.WRITE_EXTERNAL_STORAGE" />
23-->src/main/AndroidManifest.xml:17:5-81
23-->src/main/AndroidManifest.xml:17:22-78
24
25    <permission
25-->[androidx.core:core:1.12.0] AndroidManifest.xml:22:5-24:47
26        android:name="com.example.encryptedrecorder.DYNAMIC_RECEIVER_NOT_EXPORTED_PERMISSION"
26-->[androidx.core:core:1.12.0] AndroidManifest.xml:23:9-81
27        android:protectionLevel="signature" />
27-->[androidx.core:core:1.12.0] AndroidManifest.xml:24:9-44
28
29    <uses-permission android:name="com.example.encryptedrecorder.DYNAMIC_RECEIVER_NOT_EXPORTED_PERMISSION" />
29-->[androidx.core:core:1.12.0] AndroidManifest.xml:26:5-97
29-->[androidx.core:core:1.12.0] AndroidManifest.xml:26:22-94
30
31    <application
31-->src/main/AndroidManifest.xml:19:5-62:19
32        android:allowBackup="false"
32-->src/main/AndroidManifest.xml:20:9-36
33        android:appComponentFactory="androidx.core.app.CoreComponentFactory"
33-->[androidx.core:core:1.12.0] AndroidManifest.xml:28:18-86
34        android:debuggable="true"
35        android:extractNativeLibs="false"
36        android:icon="@android:drawable/ic_btn_speak_now"
36-->src/main/AndroidManifest.xml:21:9-58
37        android:label="@string/app_name"
37-->src/main/AndroidManifest.xml:22:9-41
38        android:supportsRtl="true"
38-->src/main/AndroidManifest.xml:23:9-35
39        android:testOnly="true"
40        android:theme="@style/Theme.EncryptedRecorder" >
40-->src/main/AndroidManifest.xml:24:9-55
41        <activity
41-->src/main/AndroidManifest.xml:26:9-33:20
42            android:name="com.example.encryptedrecorder.MainActivity"
42-->src/main/AndroidManifest.xml:27:13-41
43            android:exported="true" >
43-->src/main/AndroidManifest.xml:28:13-36
44            <intent-filter>
44-->src/main/AndroidManifest.xml:29:13-32:29
45                <action android:name="android.intent.action.MAIN" />
45-->src/main/AndroidManifest.xml:30:17-69
45-->src/main/AndroidManifest.xml:30:25-66
46
47                <category android:name="android.intent.category.LAUNCHER" />
47-->src/main/AndroidManifest.xml:31:17-77
47-->src/main/AndroidManifest.xml:31:27-74
48            </intent-filter>
49        </activity>
50
51        <!-- Foreground service for audio recording with mandatory service type -->
52        <service
52-->src/main/AndroidManifest.xml:36:9-40:58
53            android:name="com.example.encryptedrecorder.AudioRecordingService"
53-->src/main/AndroidManifest.xml:37:13-50
54            android:enabled="true"
54-->src/main/AndroidManifest.xml:38:13-35
55            android:exported="false"
55-->src/main/AndroidManifest.xml:39:13-37
56            android:foregroundServiceType="microphone" />
56-->src/main/AndroidManifest.xml:40:13-55
57
58        <receiver
58-->src/main/AndroidManifest.xml:42:9-49:20
59            android:name="com.example.encryptedrecorder.CallReceiver"
59-->src/main/AndroidManifest.xml:43:13-41
60            android:exported="true" >
60-->src/main/AndroidManifest.xml:44:13-36
61            <intent-filter>
61-->src/main/AndroidManifest.xml:45:13-48:29
62                <action android:name="android.intent.action.PHONE_STATE" />
62-->src/main/AndroidManifest.xml:46:17-76
62-->src/main/AndroidManifest.xml:46:25-73
63                <action android:name="android.intent.action.NEW_OUTGOING_CALL" />
63-->src/main/AndroidManifest.xml:47:17-82
63-->src/main/AndroidManifest.xml:47:25-79
64            </intent-filter>
65        </receiver>
66        <receiver
66-->src/main/AndroidManifest.xml:51:9-60:20
67            android:name="com.example.encryptedrecorder.BootReceiver"
67-->src/main/AndroidManifest.xml:52:13-41
68            android:enabled="true"
68-->src/main/AndroidManifest.xml:53:13-35
69            android:exported="true" >
69-->src/main/AndroidManifest.xml:54:13-36
70            <intent-filter>
70-->src/main/AndroidManifest.xml:55:13-59:29
71                <action android:name="android.intent.action.BOOT_COMPLETED" />
71-->src/main/AndroidManifest.xml:56:17-79
71-->src/main/AndroidManifest.xml:56:25-76
72                <action android:name="android.intent.action.MY_PACKAGE_REPLACED" />
72-->src/main/AndroidManifest.xml:57:17-84
72-->src/main/AndroidManifest.xml:57:25-81
73                <action android:name="android.intent.action.QUICKBOOT_POWERON" />
73-->src/main/AndroidManifest.xml:58:17-82
73-->src/main/AndroidManifest.xml:58:25-79
74            </intent-filter>
75        </receiver>
76
77        <provider
77-->[androidx.emoji2:emoji2:1.2.0] AndroidManifest.xml:24:9-32:20
78            android:name="androidx.startup.InitializationProvider"
78-->[androidx.emoji2:emoji2:1.2.0] AndroidManifest.xml:25:13-67
79            android:authorities="com.example.encryptedrecorder.androidx-startup"
79-->[androidx.emoji2:emoji2:1.2.0] AndroidManifest.xml:26:13-68
80            android:exported="false" >
80-->[androidx.emoji2:emoji2:1.2.0] AndroidManifest.xml:27:13-37
81            <meta-data
81-->[androidx.emoji2:emoji2:1.2.0] AndroidManifest.xml:29:13-31:52
82                android:name="androidx.emoji2.text.EmojiCompatInitializer"
82-->[androidx.emoji2:emoji2:1.2.0] AndroidManifest.xml:30:17-75
83                android:value="androidx.startup" />
83-->[androidx.emoji2:emoji2:1.2.0] AndroidManifest.xml:31:17-49
84            <meta-data
84-->[androidx.lifecycle:lifecycle-process:2.6.1] AndroidManifest.xml:29:13-31:52
85                android:name="androidx.lifecycle.ProcessLifecycleInitializer"
85-->[androidx.lifecycle:lifecycle-process:2.6.1] AndroidManifest.xml:30:17-78
86                android:value="androidx.startup" />
86-->[androidx.lifecycle:lifecycle-process:2.6.1] AndroidManifest.xml:31:17-49
87            <meta-data
87-->[androidx.profileinstaller:profileinstaller:1.3.0] AndroidManifest.xml:29:13-31:52
88                android:name="androidx.profileinstaller.ProfileInstallerInitializer"
88-->[androidx.profileinstaller:profileinstaller:1.3.0] AndroidManifest.xml:30:17-85
89                android:value="androidx.startup" />
89-->[androidx.profileinstaller:profileinstaller:1.3.0] AndroidManifest.xml:31:17-49
90        </provider>
91
92        <receiver
92-->[androidx.profileinstaller:profileinstaller:1.3.0] AndroidManifest.xml:34:9-52:20
93            android:name="androidx.profileinstaller.ProfileInstallReceiver"
93-->[androidx.profileinstaller:profileinstaller:1.3.0] AndroidManifest.xml:35:13-76
94            android:directBootAware="false"
94-->[androidx.profileinstaller:profileinstaller:1.3.0] AndroidManifest.xml:36:13-44
95            android:enabled="true"
95-->[androidx.profileinstaller:profileinstaller:1.3.0] AndroidManifest.xml:37:13-35
96            android:exported="true"
96-->[androidx.profileinstaller:profileinstaller:1.3.0] AndroidManifest.xml:38:13-36
97            android:permission="android.permission.DUMP" >
97-->[androidx.profileinstaller:profileinstaller:1.3.0] AndroidManifest.xml:39:13-57
98            <intent-filter>
98-->[androidx.profileinstaller:profileinstaller:1.3.0] AndroidManifest.xml:40:13-42:29
99                <action android:name="androidx.profileinstaller.action.INSTALL_PROFILE" />
99-->[androidx.profileinstaller:profileinstaller:1.3.0] AndroidManifest.xml:41:17-91
99-->[androidx.profileinstaller:profileinstaller:1.3.0] AndroidManifest.xml:41:25-88
100            </intent-filter>
101            <intent-filter>
101-->[androidx.profileinstaller:profileinstaller:1.3.0] AndroidManifest.xml:43:13-45:29
102                <action android:name="androidx.profileinstaller.action.SKIP_FILE" />
102-->[androidx.profileinstaller:profileinstaller:1.3.0] AndroidManifest.xml:44:17-85
102-->[androidx.profileinstaller:profileinstaller:1.3.0] AndroidManifest.xml:44:25-82
103            </intent-filter>
104            <intent-filter>
104-->[androidx.profileinstaller:profileinstaller:1.3.0] AndroidManifest.xml:46:13-48:29
105                <action android:name="androidx.profileinstaller.action.SAVE_PROFILE" />
105-->[androidx.profileinstaller:profileinstaller:1.3.0] AndroidManifest.xml:47:17-88
105-->[androidx.profileinstaller:profileinstaller:1.3.0] AndroidManifest.xml:47:25-85
106            </intent-filter>
107            <intent-filter>
107-->[androidx.profileinstaller:profileinstaller:1.3.0] AndroidManifest.xml:49:13-51:29
108                <action android:name="androidx.profileinstaller.action.BENCHMARK_OPERATION" />
108-->[androidx.profileinstaller:profileinstaller:1.3.0] AndroidManifest.xml:50:17-95
108-->[androidx.profileinstaller:profileinstaller:1.3.0] AndroidManifest.xml:50:25-92
109            </intent-filter>
110        </receiver>
111    </application>
112
113</manifest>